Build started 25.05.2015 20:31:04.
     1>Project "D:\Projects\TS.SDK.StaticFace.NetBinding\FaceRecognitionWrapper\FaceRecognitionWrapper.vcxproj" on node 3 (Rebuild target(s)).
     1>C:\Program Files (x86)\MSBuild\Microsoft.Cpp\v4.0\V120\Microsoft.CppBuild.targets(364,5): warning MSB8004: Output Directory does not end with a trailing slash.  This build instance will add the slash as it is required to allow proper evaluation of the Output Directory.
     1>ClCompile:
         C:\Program Files (x86)\Microsoft Visual Studio 12.0\VC\bin\CL.exe /c /Zi /nologo /W3 /WX- /O2 /Oy- /D _WIN32 /D WIN32 /D NDEBUG /D _CONSOLE /D _VC80_UPGRADE=0x0710 /D _WINDLL /D _MBCS /Gm- /EHsc /MT /GS /fp:precise /Zc:wchar_t /Zc:forScope /Yc"stdafx.h" /Fp"Release\FaceRecognition.pch" /Fo"Release\\" /Fd"Release\vc120.pdb" /Gd /TP /analyze- /errorReport:prompt stdafx.cpp
         stdafx.cpp
         C:\Program Files (x86)\Microsoft Visual Studio 12.0\VC\bin\CL.exe /c /Zi /nologo /W3 /WX- /O2 /Oy- /D _WIN32 /D WIN32 /D NDEBUG /D _CONSOLE /D _VC80_UPGRADE=0x0710 /D _WINDLL /D _MBCS /Gm- /EHsc /MT /GS /fp:precise /Zc:wchar_t /Zc:forScope /Yu"stdafx.h" /Fp"Release\FaceRecognition.pch" /Fo"Release\\" /Fd"Release\vc120.pdb" /Gd /TP /analyze- /errorReport:prompt ApiSingleton.cpp FaceRecognitionObject.cpp SearchSet.cpp facekey_identification_common.cpp PublicAPI_Impl.cpp
         ApiSingleton.cpp
     1>ApiSingleton.cpp(293): warning C4996: 'strcpy': This function or variable may be unsafe. Consider using strcpy_s instead. To disable deprecation, use _CRT_SECURE_NO_WARNINGS. See online help for details.
                 C:\Program Files (x86)\Microsoft Visual Studio 12.0\VC\include\string.h(112) : see declaration of 'strcpy'
         FaceRecognitionObject.cpp
         SearchSet.cpp
         facekey_identification_common.cpp
         PublicAPI_Impl.cpp
         Generating Code...
     1>C:\Program Files (x86)\MSBuild\Microsoft.Cpp\v4.0\V120\Microsoft.CppBuild.targets(1193,5): warning MSB8012: TargetPath(D:\Projects\TS.SDK.StaticFace.NetBinding\bin\x86\Release\TS.Sdk.StaticFace\FaceRecognition.dll) does not match the Linker's OutputFile property value (D:\Projects\TS.SDK.StaticFace.NetBinding\bin\x86\Release\TS.Sdk.StaticFace\FaceRecognition_cl.x86.dll). This may cause your project to build incorrectly. To correct this, please make sure that $(OutDir), $(TargetName) and $(TargetExt) property values match the value specified in %(Link.OutputFile).
     1>C:\Program Files (x86)\MSBuild\Microsoft.Cpp\v4.0\V120\Microsoft.CppBuild.targets(1195,5): warning MSB8012: TargetName(FaceRecognition) does not match the Linker's OutputFile property value (FaceRecognition_cl.x86). This may cause your project to build incorrectly. To correct this, please make sure that $(OutDir), $(TargetName) and $(TargetExt) property values match the value specified in %(Link.OutputFile).
       Link:
         C:\Program Files (x86)\Microsoft Visual Studio 12.0\VC\bin\link.exe /ERRORREPORT:PROMPT /OUT:"D:\Projects\TS.SDK.StaticFace.NetBinding\bin\x86\Release\TS.Sdk.StaticFace\FaceRecognition_cl.x86.dll" /INCREMENTAL:NO /NOLOGO kernel32.lib user32.lib gdi32.lib winspool.lib comdlg32.lib advapi32.lib shell32.lib ole32.lib oleaut32.lib uuid.lib odbc32.lib odbccp32.lib /DEF:"ExportsFunction.def" /MANIFEST /MANIFESTUAC:"level='asInvoker' uiAccess='false'" /manifest:embed /DEBUG /PDB:"D:\Projects\TS.SDK.StaticFace.NetBinding\bin\x86\Release\TS.Sdk.StaticFace\FaceRecognition_cl.x86.pdb" /SUBSYSTEM:CONSOLE /OPT:REF /OPT:ICF /TLBID:1 /DYNAMICBASE:NO /IMPLIB:"D:\Projects\TS.SDK.StaticFace.NetBinding\bin\x86\Release\TS.Sdk.StaticFace\FaceRecognition.lib" /MACHINE:X86 /SAFESEH /DLL Release\ApiSingleton.obj
         Release\FaceRecognitionObject.obj
         Release\SearchSet.obj
         Release\stdafx.obj
         Release\facekey_identification_common.obj
         Release\PublicAPI_Impl.obj
            Creating library D:\Projects\TS.SDK.StaticFace.NetBinding\bin\x86\Release\TS.Sdk.StaticFace\FaceRecognition.lib and object D:\Projects\TS.SDK.StaticFace.NetBinding\bin\x86\Release\TS.Sdk.StaticFace\FaceRecognition.exp
         FaceRecognitionWrapper.vcxproj -> D:\Projects\TS.SDK.StaticFace.NetBinding\bin\x86\Release\TS.Sdk.StaticFace\FaceRecognition.dll
     1>Done Building Project "D:\Projects\TS.SDK.StaticFace.NetBinding\FaceRecognitionWrapper\FaceRecognitionWrapper.vcxproj" (Rebuild target(s)).

Build succeeded.

Time Elapsed 00:00:18.36
