Build started 09.06.2015 13:36:41.
     1>Project "D:\Projects\TS.SDK.StaticFace.NetBinding\FaceRecognitionWrapper\FaceRecognitionWrapper.vcxproj" on node 2 (Build target(s)).
     1>ClCompile:
         C:\Program Files (x86)\Microsoft Visual Studio 12.0\VC\bin\CL.exe /c /ZI /nologo /W3 /WX- /Od /Oy- /D WIN32 /D _DEBUG /D _CONSOLE /D _VC80_UPGRADE=0x0710 /D _WINDLL /D _MBCS /Gm /EHsc /RTC1 /MTd /GS /fp:precise /Zc:wchar_t /Zc:forScope /Yc"stdafx.h" /Fp"Debug\FaceRecognition.pch" /Fo"Debug\\" /Fd"Debug\vc120.pdb" /Gd /TP /analyze- /errorReport:prompt stdafx.cpp
         stdafx.cpp
         C:\Program Files (x86)\Microsoft Visual Studio 12.0\VC\bin\CL.exe /c /ZI /nologo /W3 /WX- /Od /Oy- /D WIN32 /D _DEBUG /D _CONSOLE /D _VC80_UPGRADE=0x0710 /D _WINDLL /D _MBCS /Gm /EHsc /RTC1 /MTd /GS /fp:precise /Zc:wchar_t /Zc:forScope /Yu"stdafx.h" /Fp"Debug\FaceRecognition.pch" /Fo"Debug\\" /Fd"Debug\vc120.pdb" /Gd /TP /analyze- /errorReport:prompt ApiSingleton.cpp FaceRecognitionObject.cpp PublicAPI_Impl.cpp SearchSet.cpp facekey_identification_common.cpp
         facekey_identification_common.cpp
         SearchSet.cpp
         PublicAPI_Impl.cpp
         FaceRecognitionObject.cpp
         ApiSingleton.cpp
     1>d:\projects\ts.sdk.staticface.netbinding\facerecognitionwrapper\apisingleton.cpp(293): warning C4996: 'strcpy': This function or variable may be unsafe. Consider using strcpy_s instead. To disable deprecation, use _CRT_SECURE_NO_WARNINGS. See online help for details.
                 c:\program files (x86)\microsoft visual studio 12.0\vc\include\string.h(112) : see declaration of 'strcpy'
         Generating Code...
       Link:
         C:\Program Files (x86)\Microsoft Visual Studio 12.0\VC\bin\link.exe /ERRORREPORT:PROMPT /OUT:"D:\Projects\TS.SDK.StaticFace.NetBinding\bin\x86\Debug\TS.Sdk.StaticFace\FaceRecognition.dll" /INCREMENTAL /NOLOGO kernel32.lib user32.lib gdi32.lib winspool.lib comdlg32.lib advapi32.lib shell32.lib ole32.lib oleaut32.lib uuid.lib odbc32.lib odbccp32.lib /DEF:"ExportsFunction.def" /MANIFEST /MANIFESTUAC:"level='asInvoker' uiAccess='false'" /manifest:embed /DEBUG /PDB:"D:\Projects\TS.SDK.StaticFace.NetBinding\bin\x86\Debug\TS.Sdk.StaticFace\FaceRecognition.pdb" /SUBSYSTEM:CONSOLE /TLBID:1 /DYNAMICBASE:NO /IMPLIB:"D:\Projects\TS.SDK.StaticFace.NetBinding\bin\x86\Debug\TS.Sdk.StaticFace\FaceRecognition.lib" /MACHINE:X86 /SAFESEH /DLL Debug\ApiSingleton.obj
         Debug\FaceRecognitionObject.obj
         Debug\SearchSet.obj
         Debug\stdafx.obj
         Debug\facekey_identification_common.obj
         Debug\PublicAPI_Impl.obj
     1>ApiSingleton.obj : warning LNK4075: ignoring '/EDITANDCONTINUE' due to '/SAFESEH' specification
            Creating library D:\Projects\TS.SDK.StaticFace.NetBinding\bin\x86\Debug\TS.Sdk.StaticFace\FaceRecognition.lib and object D:\Projects\TS.SDK.StaticFace.NetBinding\bin\x86\Debug\TS.Sdk.StaticFace\FaceRecognition.exp
         FaceRecognitionWrapper.vcxproj -> D:\Projects\TS.SDK.StaticFace.NetBinding\bin\x86\Debug\TS.Sdk.StaticFace\FaceRecognition.dll
     1>Done Building Project "D:\Projects\TS.SDK.StaticFace.NetBinding\FaceRecognitionWrapper\FaceRecognitionWrapper.vcxproj" (Build target(s)).

Build succeeded.

Time Elapsed 00:00:09.67
