d:\projects\ts.sdk.staticface.netbinding\facerecognitionwrapper\debug\facerecognition.pch
d:\projects\ts.sdk.staticface.netbinding\facerecognitionwrapper\debug\vc120.pdb
d:\projects\ts.sdk.staticface.netbinding\facerecognitionwrapper\debug\vc120.idb
d:\projects\ts.sdk.staticface.netbinding\facerecognitionwrapper\debug\stdafx.obj
d:\projects\ts.sdk.staticface.netbinding\facerecognitionwrapper\debug\apisingleton.obj
d:\projects\ts.sdk.staticface.netbinding\facerecognitionwrapper\debug\facerecognitionobject.obj
d:\projects\ts.sdk.staticface.netbinding\facerecognitionwrapper\debug\searchset.obj
d:\projects\ts.sdk.staticface.netbinding\facerecognitionwrapper\debug\facekey_identification_common.obj
d:\projects\ts.sdk.staticface.netbinding\facerecognitionwrapper\debug\publicapi_impl.obj
d:\projects\ts.sdk.staticface.netbinding\bin\x86\debug\ts.sdk.staticface\facerecognition.lib
d:\projects\ts.sdk.staticface.netbinding\bin\x86\debug\ts.sdk.staticface\facerecognition.exp
d:\projects\ts.sdk.staticface.netbinding\bin\x86\debug\ts.sdk.staticface\facerecognition_cl.x86.ilk
d:\projects\ts.sdk.staticface.netbinding\bin\x86\debug\ts.sdk.staticface\facerecognition_cl.x86.dll
d:\projects\ts.sdk.staticface.netbinding\bin\x86\debug\ts.sdk.staticface\facerecognition_cl.x86.pdb
d:\projects\ts.sdk.staticface.netbinding\facerecognitionwrapper\debug\facerecognition.tlog\cl.command.1.tlog
d:\projects\ts.sdk.staticface.netbinding\facerecognitionwrapper\debug\facerecognition.tlog\cl.read.1.tlog
d:\projects\ts.sdk.staticface.netbinding\facerecognitionwrapper\debug\facerecognition.tlog\cl.write.1.tlog
d:\projects\ts.sdk.staticface.netbinding\facerecognitionwrapper\debug\facerecognition.tlog\facerecognition.write.1u.tlog
d:\projects\ts.sdk.staticface.netbinding\facerecognitionwrapper\debug\facerecognition.tlog\link.command.1.tlog
d:\projects\ts.sdk.staticface.netbinding\facerecognitionwrapper\debug\facerecognition.tlog\link.read.1.tlog
d:\projects\ts.sdk.staticface.netbinding\facerecognitionwrapper\debug\facerecognition.tlog\link.write.1.tlog
